Arguments: 
  /home/lexprime/.nvm/versions/node/v14.9.0/bin/node /home/lexprime/.yarn/releases/yarn-1.22.10.cjs add global @graphprotocol/graph-pino

PATH: 
  /home/lexprime/.cargo/bin:/home/lexprime/.nvm/versions/node/v14.9.0/bin:/home/lexprime/.cargo/bin:/usr/local/sbin:/usr/local/bin:/usr/sbin:/usr/bin:/sbin:/bin:/usr/games:/usr/local/games:/snap/bin:/usr/local/go/bin:/usr/local/go/bin:/home/lexprime/go/bin:/usr/local/go/bin:/home/lexprime/go/bin

Yarn version: 
  1.22.10

Node version: 
  14.9.0

Platform: 
  linux x64

Trace: 
  Error: https://testnet.thegraph.com/npm-registry/@graphprotocol%2fgraph-pino: no such package available
      at Request.params.callback [as _callback] (/home/lexprime/.yarn/releases/yarn-1.22.10.cjs:78518:18)
      at Request.self.callback (/home/lexprime/.yarn/releases/yarn-1.22.10.cjs:135160:22)
      at Request.emit (events.js:314:20)
      at Request.<anonymous> (/home/lexprime/.yarn/releases/yarn-1.22.10.cjs:136132:10)
      at Request.emit (events.js:314:20)
      at IncomingMessage.<anonymous> (/home/lexprime/.yarn/releases/yarn-1.22.10.cjs:136054:12)
      at Object.onceWrapper (events.js:420:28)
      at IncomingMessage.emit (events.js:326:22)
      at endReadableNT (_stream_readable.js:1244:12)
      at processTicksAndRejections (internal/process/task_queues.js:80:21)

npm manifest: 
  No manifest

yarn manifest: 
  No manifest

Lockfile: 
  No lockfile
